SonarQube plugins:
  - SonarCSS 1.1.1.1010 (cssfamily)
  - SonarPLSQL 3.4.1.2576 (plsql)
  - SonarScala 1.7.0.883 (sonarscala)
  - SonarC# 8.0.0.9566 (csharp)
  - Vulnerability Analysis 8.0.0.5505 (security)
  - SonarJava 5.14.0.18788 (java)
  - SonarHTML 3.2.0.2082 (web)
  - SonarFlex 2.5.1.1831 (flex)
  - SonarXML 2.0.1.2020 (xml)
  - SonarTS 2.0.0.4283 (typescript)
  - SonarVB 8.0.0.9566 (vbnet)
  - SonarSwift 4.2.1.62 (swift)
  - SonarCFamily 6.4.0.11646 (cpp)
  - SonarPython 2.0.0.5043 (python)
  - JaCoCo 1.0.2.475 (jacoco)
  - Mercurial 1.1.2 (scmmercurial)
  - SonarGo 1.7.0.883 (go)
  - SonarKotlin 1.7.0.883 (kotlin)
  - SonarTSQL 1.4.0.3334 (tsql)
  - SonarApex 1.7.0.883 (sonarapex)
  - SonarJS 6.0.1.10206 (javascript)
  - SonarRuby 1.7.0.883 (ruby)
  - Vulnerability Rules for C# 8.0.0.5505 (securitycsharpfrontend)
  - Vulnerability Rules for Java 8.0.0.5505 (securityjavafrontend)
  - License for SonarLint 8.0.0.2662 (license)
  - SonarCOBOL 4.4.0.3403 (cobol)
  - Git 1.10.0.1891 (scmgit)
  - SonarPHP 3.2.0.4868 (php)
  - SonarABAP 3.8.0.2034 (abap)
  - Vulnerability Rules for PHP 8.0.0.5505 (securityphpfrontend)
Global server settings:
  - email.from=noreply@sonarcloud.io
  - email.fromName=SonarCloud
  - email.prefix=[SonarCloud]
  - sonar.auth.bitbucket.enabled=true
  - sonar.auth.microsoft.enabled=true
  - sonar.core.id=74E9293D-AWHW8ct9-T_TB3XqouNu
  - sonar.core.serverBaseURL=https://sonarcloud.io
  - sonar.core.startTime=2019-11-14T08:59:00+0100
  - sonar.cpd.cross_project=false
  - sonar.dbcleaner.weeksBeforeDeletingAllSnapshots=480
  - sonar.dbcleaner.weeksBeforeKeepingOnlyOneSnapshotByMonth=4
  - sonar.dbcleaner.weeksBeforeKeepingOnlyOneSnapshotByWeek=1
  - sonar.java.collectAnalysisErrors=true
  - sonar.leak.period=30
  - sonar.lf.enableGravatar=true
  - sonar.lf.logoWidthPx=105
  - sonar.organizations.anyoneCanCreate=true
  - sonar.organizations.createPersonalOrg=true
  - sonar.plsql.file.suffixes=sql,tab,pkb
  - sonar.tsql.file.suffixes=.tsql
Project server settings:
Project scanner properties:
  - sonar.exclusions=**/node_modules/**
  - sonar.host.url=https://sonarcloud.io
  - sonar.login=******
  - sonar.organization=instancia-sonar-agaboo
  - sonar.projectBaseDir=F:\ProyectosGitHub\agaboo-front
  - sonar.projectKey=agaboo-key
  - sonar.projectVersion=3.1.0
  - sonar.scanner.app=ScannerCli
  - sonar.scanner.appVersion=3.1.0.1141
  - sonar.sourceEncoding=windows-1252
  - sonar.sources=src
  - sonar.test.inclusions=**/*.test.js
  - sonar.tests=src/__tests__
  - sonar.working.directory=F:\ProyectosGitHub\agaboo-front\.scannerwork
